[23-Oct-2017 04:44:02 UTC] PHP Warning:  Division by zero in /home/ubuntu/workspace/github/practice/imageprac.php on line 7
[23-Oct-2017 04:44:02 UTC] PHP Stack trace:
[23-Oct-2017 04:44:02 UTC] PHP   1. {main}() /home/ubuntu/workspace/github/practice/imageprac.php:0
[03-Nov-2017 23:44:35 UTC] PHP Warning:  include(../database.php): failed to open stream: No such file or directory in /home/ubuntu/workspace/github/lab6/index.php on line 8
[03-Nov-2017 23:44:35 UTC] PHP Stack trace:
[03-Nov-2017 23:44:35 UTC] PHP   1. {main}() /home/ubuntu/workspace/github/lab6/index.php:0
[03-Nov-2017 23:44:35 UTC] PHP   2. loginProcess() /home/ubuntu/workspace/github/lab6/index.php:68
[03-Nov-2017 23:44:35 UTC] PHP Warning:  include(): Failed opening '../database.php' for inclusion (include_path='.:/usr/share/php:/usr/share/pear') in /home/ubuntu/workspace/github/lab6/index.php on line 8
[03-Nov-2017 23:44:35 UTC] PHP Stack trace:
[03-Nov-2017 23:44:35 UTC] PHP   1. {main}() /home/ubuntu/workspace/github/lab6/index.php:0
[03-Nov-2017 23:44:35 UTC] PHP   2. loginProcess() /home/ubuntu/workspace/github/lab6/index.php:68
[03-Nov-2017 23:44:35 UTC] PHP Fatal error:  Call to undefined function getDatabaseConnection() in /home/ubuntu/workspace/github/lab6/index.php on line 9
[03-Nov-2017 23:44:35 UTC] PHP Stack trace:
[03-Nov-2017 23:44:35 UTC] PHP   1. {main}() /home/ubuntu/workspace/github/lab6/index.php:0
[03-Nov-2017 23:44:35 UTC] PHP   2. loginProcess() /home/ubuntu/workspace/github/lab6/index.php:68
[03-Nov-2017 23:53:16 UTC] PHP Fatal error:  Uncaught exception 'PDOException' with message 'SQLSTATE[HY000] [1045] Access denied for user 'b229677fee94e5'@'localhost' (using password: YES)' in /home/ubuntu/workspace/database.php:30
Stack trace:
#0 /home/ubuntu/workspace/database.php(30): PDO->__construct('mysql:host=;dbn...', 'b229677fee94e5', '99214852')
#1 /home/ubuntu/workspace/github/lab6/index.php(9): getDatabaseConnection()
#2 /home/ubuntu/workspace/github/lab6/index.php(68): loginProcess()
#3 {main}
  thrown in /home/ubuntu/workspace/database.php on line 30
[03-Nov-2017 23:56:49 UTC] PHP Fatal error:  Call to a member function execute() on a non-object in /home/ubuntu/workspace/github/lab6/index.php on line 24
[03-Nov-2017 23:56:49 UTC] PHP Stack trace:
[03-Nov-2017 23:56:49 UTC] PHP   1. {main}() /home/ubuntu/workspace/github/lab6/index.php:0
[03-Nov-2017 23:56:49 UTC] PHP   2. loginProcess() /home/ubuntu/workspace/github/lab6/index.php:68
[03-Nov-2017 23:56:57 UTC] PHP Fatal error:  Call to a member function execute() on a non-object in /home/ubuntu/workspace/github/lab6/index.php on line 24
[03-Nov-2017 23:56:57 UTC] PHP Stack trace:
[03-Nov-2017 23:56:57 UTC] PHP   1. {main}() /home/ubuntu/workspace/github/lab6/index.php:0
[03-Nov-2017 23:56:57 UTC] PHP   2. loginProcess() /home/ubuntu/workspace/github/lab6/index.php:68
[04-Nov-2017 00:01:38 UTC] PHP Fatal error:  Uncaught exception 'PDOException' with message 'SQLSTATE[HY000] [1045] Access denied for user 'root'@'ip-10-171-194-27.ec2.internal' (using password: YES)' in /home/ubuntu/workspace/database.php:33
Stack trace:
#0 /home/ubuntu/workspace/database.php(33): PDO->__construct('mysql:host=us-c...', 'root', 'cst336')
#1 /home/ubuntu/workspace/github/lab6/index.php(9): getDatabaseConnection()
#2 /home/ubuntu/workspace/github/lab6/index.php(68): loginProcess()
#3 {main}
  thrown in /home/ubuntu/workspace/database.php on line 33
[04-Nov-2017 00:01:48 UTC] PHP Fatal error:  Uncaught exception 'PDOException' with message 'SQLSTATE[HY000] [1045] Access denied for user 'root'@'ip-10-44-181-66.ec2.internal' (using password: YES)' in /home/ubuntu/workspace/database.php:33
Stack trace:
#0 /home/ubuntu/workspace/database.php(33): PDO->__construct('mysql:host=us-c...', 'root', 'cst336')
#1 /home/ubuntu/workspace/github/lab6/index.php(9): getDatabaseConnection()
#2 /home/ubuntu/workspace/github/lab6/index.php(68): loginProcess()
#3 {main}
  thrown in /home/ubuntu/workspace/database.php on line 33
[04-Nov-2017 00:12:05 UTC] PHP Warning:  mysqli::mysqli(): (HY000/1045): Access denied for user 'b229677fee94e5'@'localhost' (using password: YES) in /home/ubuntu/workspace/database.php on line 32
[04-Nov-2017 00:12:05 UTC] PHP Stack trace:
[04-Nov-2017 00:12:05 UTC] PHP   1. {main}() /home/ubuntu/workspace/github/lab6/index.php:0
[04-Nov-2017 00:12:05 UTC] PHP   2. loginProcess() /home/ubuntu/workspace/github/lab6/index.php:68
[04-Nov-2017 00:12:05 UTC] PHP   3. getDatabaseConnection() /home/ubuntu/workspace/github/lab6/index.php:9
[04-Nov-2017 00:12:05 UTC] PHP   4. mysqli->mysqli() /home/ubuntu/workspace/database.php:32
[04-Nov-2017 00:12:05 UTC] PHP Warning:  mysqli::prepare(): Couldn't fetch mysqli in /home/ubuntu/workspace/github/lab6/index.php on line 23
[04-Nov-2017 00:12:05 UTC] PHP Stack trace:
[04-Nov-2017 00:12:05 UTC] PHP   1. {main}() /home/ubuntu/workspace/github/lab6/index.php:0
[04-Nov-2017 00:12:05 UTC] PHP   2. loginProcess() /home/ubuntu/workspace/github/lab6/index.php:68
[04-Nov-2017 00:12:05 UTC] PHP   3. mysqli->prepare() /home/ubuntu/workspace/github/lab6/index.php:23
[04-Nov-2017 00:12:05 UTC] PHP Fatal error:  Call to a member function execute() on a non-object in /home/ubuntu/workspace/github/lab6/index.php on line 24
[04-Nov-2017 00:12:05 UTC] PHP Stack trace:
[04-Nov-2017 00:12:05 UTC] PHP   1. {main}() /home/ubuntu/workspace/github/lab6/index.php:0
[04-Nov-2017 00:12:05 UTC] PHP   2. loginProcess() /home/ubuntu/workspace/github/lab6/index.php:68
[04-Nov-2017 00:13:02 UTC] PHP Warning:  mysqli::mysqli(): (HY000/1045): Access denied for user 'b229677fee94e5'@'localhost' (using password: YES) in /home/ubuntu/workspace/database.php on line 32
[04-Nov-2017 00:13:03 UTC] PHP Stack trace:
[04-Nov-2017 00:13:03 UTC] PHP   1. {main}() /home/ubuntu/workspace/github/lab6/index.php:0
[04-Nov-2017 00:13:03 UTC] PHP   2. loginProcess() /home/ubuntu/workspace/github/lab6/index.php:68
[04-Nov-2017 00:13:03 UTC] PHP   3. getDatabaseConnection() /home/ubuntu/workspace/github/lab6/index.php:9
[04-Nov-2017 00:13:03 UTC] PHP   4. mysqli->mysqli() /home/ubuntu/workspace/database.php:32
[04-Nov-2017 00:13:03 UTC] PHP Fatal error:  Call to undefined method mysqli::setAttribute() in /home/ubuntu/workspace/database.php on line 33
[04-Nov-2017 00:13:03 UTC] PHP Stack trace:
[04-Nov-2017 00:13:03 UTC] PHP   1. {main}() /home/ubuntu/workspace/github/lab6/index.php:0
[04-Nov-2017 00:13:03 UTC] PHP   2. loginProcess() /home/ubuntu/workspace/github/lab6/index.php:68
[04-Nov-2017 00:13:03 UTC] PHP   3. getDatabaseConnection() /home/ubuntu/workspace/github/lab6/index.php:9
[04-Nov-2017 00:23:06 UTC] PHP Warning:  mysqli::mysqli(): (HY000/1045): Access denied for user 'b229677fee94e5'@'localhost' (using password: YES) in /home/ubuntu/workspace/database.php on line 32
[04-Nov-2017 00:23:06 UTC] PHP Stack trace:
[04-Nov-2017 00:23:06 UTC] PHP   1. {main}() /home/ubuntu/workspace/github/lab6/index.php:0
[04-Nov-2017 00:23:06 UTC] PHP   2. loginProcess() /home/ubuntu/workspace/github/lab6/index.php:68
[04-Nov-2017 00:23:06 UTC] PHP   3. getDatabaseConnection() /home/ubuntu/workspace/github/lab6/index.php:9
[04-Nov-2017 00:23:06 UTC] PHP   4. mysqli->mysqli() /home/ubuntu/workspace/database.php:32
[04-Nov-2017 00:23:06 UTC] PHP Fatal error:  Call to undefined method mysqli::setAttribute() in /home/ubuntu/workspace/database.php on line 33
[04-Nov-2017 00:23:06 UTC] PHP Stack trace:
[04-Nov-2017 00:23:06 UTC] PHP   1. {main}() /home/ubuntu/workspace/github/lab6/index.php:0
[04-Nov-2017 00:23:06 UTC] PHP   2. loginProcess() /home/ubuntu/workspace/github/lab6/index.php:68
[04-Nov-2017 00:23:06 UTC] PHP   3. getDatabaseConnection() /home/ubuntu/workspace/github/lab6/index.php:9
[04-Nov-2017 00:24:13 UTC] PHP Fatal error:  Uncaught exception 'PDOException' with message 'SQLSTATE[42S02]: Base table or view not found: 1146 Table 'heroku_ae0fb105b2b4a84.admin' doesn't exist' in /home/ubuntu/workspace/github/lab6/index.php:24
Stack trace:
#0 /home/ubuntu/workspace/github/lab6/index.php(24): PDOStatement->execute(Array)
#1 /home/ubuntu/workspace/github/lab6/index.php(68): loginProcess()
#2 {main}
  thrown in /home/ubuntu/workspace/github/lab6/index.php on line 24
[04-Nov-2017 00:31:53 UTC] PHP Warning:  include(../../database.php): failed to open stream: No such file or directory in /home/ubuntu/workspace/github/lab6/index.php on line 8
[04-Nov-2017 00:31:53 UTC] PHP Stack trace:
[04-Nov-2017 00:31:53 UTC] PHP   1. {main}() /home/ubuntu/workspace/github/lab6/index.php:0
[04-Nov-2017 00:31:53 UTC] PHP   2. loginProcess() /home/ubuntu/workspace/github/lab6/index.php:68
[04-Nov-2017 00:31:53 UTC] PHP Warning:  include(): Failed opening '../../database.php' for inclusion (include_path='.:/usr/share/php:/usr/share/pear') in /home/ubuntu/workspace/github/lab6/index.php on line 8
[04-Nov-2017 00:31:53 UTC] PHP Stack trace:
[04-Nov-2017 00:31:53 UTC] PHP   1. {main}() /home/ubuntu/workspace/github/lab6/index.php:0
[04-Nov-2017 00:31:53 UTC] PHP   2. loginProcess() /home/ubuntu/workspace/github/lab6/index.php:68
[04-Nov-2017 00:31:53 UTC] PHP Fatal error:  Call to undefined function getDatabaseConnection() in /home/ubuntu/workspace/github/lab6/index.php on line 9
[04-Nov-2017 00:31:53 UTC] PHP Stack trace:
[04-Nov-2017 00:31:53 UTC] PHP   1. {main}() /home/ubuntu/workspace/github/lab6/index.php:0
[04-Nov-2017 00:31:53 UTC] PHP   2. loginProcess() /home/ubuntu/workspace/github/lab6/index.php:68
[11-Nov-2017 05:35:24 UTC] PHP Fatal error:  Call to undefined function getDatabaseConnection() in /home/ubuntu/workspace/github/practice/groupdatabasetest.php on line 3
[11-Nov-2017 05:35:24 UTC] PHP Stack trace:
[11-Nov-2017 05:35:24 UTC] PHP   1. {main}() /home/ubuntu/workspace/github/practice/groupdatabasetest.php:0
[11-Nov-2017 05:36:39 UTC] PHP Fatal error:  Class 'sqli' not found in /home/ubuntu/workspace/github/database.php on line 36
[11-Nov-2017 05:36:39 UTC] PHP Stack trace:
[11-Nov-2017 05:36:39 UTC] PHP   1. {main}() /home/ubuntu/workspace/github/practice/groupdatabasetest.php:0
[11-Nov-2017 05:36:39 UTC] PHP   2. getDatabaseConnection() /home/ubuntu/workspace/github/practice/groupdatabasetest.php:3
[11-Nov-2017 05:36:54 UTC] PHP Warning:  mysqli::mysqli(): php_network_getaddresses: getaddrinfo failed: Name or service not known in /home/ubuntu/workspace/github/database.php on line 36
[11-Nov-2017 05:36:54 UTC] PHP Stack trace:
[11-Nov-2017 05:36:54 UTC] PHP   1. {main}() /home/ubuntu/workspace/github/practice/groupdatabasetest.php:0
[11-Nov-2017 05:36:54 UTC] PHP   2. getDatabaseConnection() /home/ubuntu/workspace/github/practice/groupdatabasetest.php:3
[11-Nov-2017 05:36:54 UTC] PHP   3. mysqli->mysqli() /home/ubuntu/workspace/github/database.php:36
[11-Nov-2017 05:36:54 UTC] PHP Warning:  mysqli::mysqli(): (HY000/2002): php_network_getaddresses: getaddrinfo failed: Name or service not known in /home/ubuntu/workspace/github/database.php on line 36
[11-Nov-2017 05:36:54 UTC] PHP Stack trace:
[11-Nov-2017 05:36:54 UTC] PHP   1. {main}() /home/ubuntu/workspace/github/practice/groupdatabasetest.php:0
[11-Nov-2017 05:36:54 UTC] PHP   2. getDatabaseConnection() /home/ubuntu/workspace/github/practice/groupdatabasetest.php:3
[11-Nov-2017 05:36:54 UTC] PHP   3. mysqli->mysqli() /home/ubuntu/workspace/github/database.php:36
[11-Nov-2017 05:37:51 UTC] PHP Warning:  mysqli::mysqli(): (HY000/1045): Access denied for user 'midterm'@'localhost' (using password: YES) in /home/ubuntu/workspace/github/database.php on line 37
[11-Nov-2017 05:37:51 UTC] PHP Stack trace:
[11-Nov-2017 05:37:51 UTC] PHP   1. {main}() /home/ubuntu/workspace/github/practice/groupdatabasetest.php:0
[11-Nov-2017 05:37:51 UTC] PHP   2. getDatabaseConnection() /home/ubuntu/workspace/github/practice/groupdatabasetest.php:3
[11-Nov-2017 05:37:51 UTC] PHP   3. mysqli->mysqli() /home/ubuntu/workspace/github/database.php:37
[04-Dec-2017 01:29:28 UTC] PHP Fatal error:  Uncaught exception 'PDOException' with message 'SQLSTATE[42000]: Syntax error or access violation: 1064 You have an error in your SQL syntax; check the manual that corresponds to your MySQL server version for the right syntax to use near '* FROM movies JOIN ratings ON movies.Name=ratings.Name WHERE genre is not NULL A' at line 1' in /home/ubuntu/workspace/github/FinalProject/user.php:94
Stack trace:
#0 /home/ubuntu/workspace/github/FinalProject/user.php(94): PDOStatement->execute()
#1 {main}
  thrown in /home/ubuntu/workspace/github/FinalProject/user.php on line 94
[04-Dec-2017 01:31:05 UTC] PHP Parse error:  syntax error, unexpected '"<td>"' (T_CONSTANT_ENCAPSED_STRING), expecting ',' or ';' in /home/ubuntu/workspace/github/FinalProject/user.php on line 121
